2018-09-05 09:42:48 [restartedMain] [INFO][com.hoperun.arcfacedemo.ArcfacedemoFirstApplication][logStarting][50]->Starting ArcfacedemoFirstApplication on PC140046 with PID 14564 (E:\ArcFaceDemo\arcfacedemo-first\arcfacedemo-first\target\classes started by zhuyl in E:\ArcFaceDemo\arcfacedemo-first\arcfacedemo-first)
2018-09-05 09:42:48 [restartedMain] [INFO][com.hoperun.arcfacedemo.ArcfacedemoFirstApplication][logStartupProfileInfo][666]->The following profiles are active: prod
2018-09-05 09:42:50 [restartedMain] [INFO][com.hoperun.arcfacedemo.ArcfacedemoFirstApplication][logStarted][59]->Started ArcfacedemoFirstApplication in 2.257 seconds (JVM running for 2.824)
2018-09-05 09:43:10 [restartedMain] [INFO][com.hoperun.arcfacedemo.ArcfacedemoFirstApplication][logStarting][50]->Starting ArcfacedemoFirstApplication on PC140046 with PID 14564 (E:\ArcFaceDemo\arcfacedemo-first\arcfacedemo-first\target\classes started by zhuyl in E:\ArcFaceDemo\arcfacedemo-first\arcfacedemo-first)
2018-09-05 09:43:10 [restartedMain] [DEBUG][com.hoperun.arcfacedemo.ArcfacedemoFirstApplication][logStarting][53]->Running with Spring Boot v2.0.4.RELEASE, Spring v5.0.8.RELEASE
2018-09-05 09:43:10 [restartedMain] [INFO][com.hoperun.arcfacedemo.ArcfacedemoFirstApplication][logStartupProfileInfo][666]->The following profiles are active: dev
2018-09-05 09:43:10 [restartedMain] [INFO][com.hoperun.arcfacedemo.ArcfacedemoFirstApplication][logStarted][59]->Started ArcfacedemoFirstApplication in 0.515 seconds (JVM running for 23.183)
2018-09-05 09:46:57 [restartedMain] [INFO][com.hoperun.arcfacedemo.ArcfacedemoFirstApplication][logStarting][50]->Starting ArcfacedemoFirstApplication on PC140046 with PID 14564 (E:\ArcFaceDemo\arcfacedemo-first\arcfacedemo-first\target\classes started by zhuyl in E:\ArcFaceDemo\arcfacedemo-first\arcfacedemo-first)
2018-09-05 09:46:57 [restartedMain] [DEBUG][com.hoperun.arcfacedemo.ArcfacedemoFirstApplication][logStarting][53]->Running with Spring Boot v2.0.4.RELEASE, Spring v5.0.8.RELEASE
2018-09-05 09:46:57 [restartedMain] [INFO][com.hoperun.arcfacedemo.ArcfacedemoFirstApplication][logStartupProfileInfo][666]->The following profiles are active: dev
2018-09-05 09:46:57 [restartedMain] [INFO][com.hoperun.arcfacedemo.ArcfacedemoFirstApplication][logStarted][59]->Started ArcfacedemoFirstApplication in 0.509 seconds (JVM running for 250.372)
2018-09-05 09:49:21 [restartedMain] [INFO][com.hoperun.arcfacedemo.ArcfacedemoFirstApplication][logStarting][50]->Starting ArcfacedemoFirstApplication on PC140046 with PID 14564 (E:\ArcFaceDemo\arcfacedemo-first\arcfacedemo-first\target\classes started by zhuyl in E:\ArcFaceDemo\arcfacedemo-first\arcfacedemo-first)
2018-09-05 09:49:21 [restartedMain] [DEBUG][com.hoperun.arcfacedemo.ArcfacedemoFirstApplication][logStarting][53]->Running with Spring Boot v2.0.4.RELEASE, Spring v5.0.8.RELEASE
2018-09-05 09:49:21 [restartedMain] [INFO][com.hoperun.arcfacedemo.ArcfacedemoFirstApplication][logStartupProfileInfo][666]->The following profiles are active: dev
2018-09-05 09:49:21 [restartedMain] [INFO][com.hoperun.arcfacedemo.ArcfacedemoFirstApplication][logStarted][59]->Started ArcfacedemoFirstApplication in 0.48 seconds (JVM running for 393.885)
2018-09-05 10:01:43 [restartedMain] [INFO][com.hoperun.arcfacedemo.ArcfacedemoFirstApplication][logStarting][50]->Starting ArcfacedemoFirstApplication on PC140046 with PID 14564 (E:\ArcFaceDemo\arcfacedemo-first\arcfacedemo-first\target\classes started by zhuyl in E:\ArcFaceDemo\arcfacedemo-first\arcfacedemo-first)
2018-09-05 10:01:43 [restartedMain] [DEBUG][com.hoperun.arcfacedemo.ArcfacedemoFirstApplication][logStarting][53]->Running with Spring Boot v2.0.4.RELEASE, Spring v5.0.8.RELEASE
2018-09-05 10:01:43 [restartedMain] [INFO][com.hoperun.arcfacedemo.ArcfacedemoFirstApplication][logStartupProfileInfo][666]->The following profiles are active: dev
2018-09-05 10:01:44 [restartedMain] [INFO][com.hoperun.arcfacedemo.ArcfacedemoFirstApplication][logStarted][59]->Started ArcfacedemoFirstApplication in 0.472 seconds (JVM running for 1136.71)
2018-09-05 10:01:53 [restartedMain] [INFO][com.hoperun.arcfacedemo.ArcfacedemoFirstApplication][logStarting][50]->Starting ArcfacedemoFirstApplication on PC140046 with PID 14564 (E:\ArcFaceDemo\arcfacedemo-first\arcfacedemo-first\target\classes started by zhuyl in E:\ArcFaceDemo\arcfacedemo-first\arcfacedemo-first)
2018-09-05 10:01:53 [restartedMain] [DEBUG][com.hoperun.arcfacedemo.ArcfacedemoFirstApplication][logStarting][53]->Running with Spring Boot v2.0.4.RELEASE, Spring v5.0.8.RELEASE
2018-09-05 10:01:53 [restartedMain] [INFO][com.hoperun.arcfacedemo.ArcfacedemoFirstApplication][logStartupProfileInfo][666]->The following profiles are active: dev
2018-09-05 10:01:53 [restartedMain] [INFO][com.hoperun.arcfacedemo.ArcfacedemoFirstApplication][logStarted][59]->Started ArcfacedemoFirstApplication in 0.46 seconds (JVM running for 1146.327)
2018-09-05 10:03:24 [restartedMain] [INFO][com.hoperun.arcfacedemo.ArcfacedemoFirstApplication][logStarting][50]->Starting ArcfacedemoFirstApplication on PC140046 with PID 14564 (E:\ArcFaceDemo\arcfacedemo-first\arcfacedemo-first\target\classes started by zhuyl in E:\ArcFaceDemo\arcfacedemo-first\arcfacedemo-first)
2018-09-05 10:03:24 [restartedMain] [DEBUG][com.hoperun.arcfacedemo.ArcfacedemoFirstApplication][logStarting][53]->Running with Spring Boot v2.0.4.RELEASE, Spring v5.0.8.RELEASE
2018-09-05 10:03:24 [restartedMain] [INFO][com.hoperun.arcfacedemo.ArcfacedemoFirstApplication][logStartupProfileInfo][666]->The following profiles are active: dev
2018-09-05 10:03:24 [restartedMain] [INFO][com.hoperun.arcfacedemo.ArcfacedemoFirstApplication][logStarted][59]->Started ArcfacedemoFirstApplication in 0.461 seconds (JVM running for 1237.337)
2018-09-05 10:03:43 [restartedMain] [INFO][com.hoperun.arcfacedemo.ArcfacedemoFirstApplication][logStarting][50]->Starting ArcfacedemoFirstApplication on PC140046 with PID 14564 (E:\ArcFaceDemo\arcfacedemo-first\arcfacedemo-first\target\classes started by zhuyl in E:\ArcFaceDemo\arcfacedemo-first\arcfacedemo-first)
2018-09-05 10:03:43 [restartedMain] [DEBUG][com.hoperun.arcfacedemo.ArcfacedemoFirstApplication][logStarting][53]->Running with Spring Boot v2.0.4.RELEASE, Spring v5.0.8.RELEASE
2018-09-05 10:03:43 [restartedMain] [INFO][com.hoperun.arcfacedemo.ArcfacedemoFirstApplication][logStartupProfileInfo][666]->The following profiles are active: dev
2018-09-05 10:03:44 [restartedMain] [INFO][com.hoperun.arcfacedemo.ArcfacedemoFirstApplication][logStarted][59]->Started ArcfacedemoFirstApplication in 0.461 seconds (JVM running for 1256.704)
2018-09-05 10:03:49 [restartedMain] [INFO][com.hoperun.arcfacedemo.ArcfacedemoFirstApplication][logStarting][50]->Starting ArcfacedemoFirstApplication on PC140046 with PID 14564 (E:\ArcFaceDemo\arcfacedemo-first\arcfacedemo-first\target\classes started by zhuyl in E:\ArcFaceDemo\arcfacedemo-first\arcfacedemo-first)
2018-09-05 10:03:49 [restartedMain] [DEBUG][com.hoperun.arcfacedemo.ArcfacedemoFirstApplication][logStarting][53]->Running with Spring Boot v2.0.4.RELEASE, Spring v5.0.8.RELEASE
2018-09-05 10:03:49 [restartedMain] [INFO][com.hoperun.arcfacedemo.ArcfacedemoFirstApplication][logStartupProfileInfo][666]->The following profiles are active: dev
2018-09-05 10:03:49 [restartedMain] [INFO][com.hoperun.arcfacedemo.ArcfacedemoFirstApplication][logStarted][59]->Started ArcfacedemoFirstApplication in 0.464 seconds (JVM running for 1261.913)
2018-09-05 10:04:53 [restartedMain] [INFO][com.hoperun.arcfacedemo.ArcfacedemoFirstApplication][logStarting][50]->Starting ArcfacedemoFirstApplication on PC140046 with PID 14564 (E:\ArcFaceDemo\arcfacedemo-first\arcfacedemo-first\target\classes started by zhuyl in E:\ArcFaceDemo\arcfacedemo-first\arcfacedemo-first)
2018-09-05 10:04:53 [restartedMain] [DEBUG][com.hoperun.arcfacedemo.ArcfacedemoFirstApplication][logStarting][53]->Running with Spring Boot v2.0.4.RELEASE, Spring v5.0.8.RELEASE
2018-09-05 10:04:53 [restartedMain] [INFO][com.hoperun.arcfacedemo.ArcfacedemoFirstApplication][logStartupProfileInfo][666]->The following profiles are active: dev
2018-09-05 10:04:54 [restartedMain] [INFO][com.hoperun.arcfacedemo.ArcfacedemoFirstApplication][logStarted][59]->Started ArcfacedemoFirstApplication in 0.468 seconds (JVM running for 1326.609)
2018-09-05 10:05:16 [restartedMain] [INFO][com.hoperun.arcfacedemo.ArcfacedemoFirstApplication][logStarting][50]->Starting ArcfacedemoFirstApplication on PC140046 with PID 14564 (E:\ArcFaceDemo\arcfacedemo-first\arcfacedemo-first\target\classes started by zhuyl in E:\ArcFaceDemo\arcfacedemo-first\arcfacedemo-first)
2018-09-05 10:05:16 [restartedMain] [DEBUG][com.hoperun.arcfacedemo.ArcfacedemoFirstApplication][logStarting][53]->Running with Spring Boot v2.0.4.RELEASE, Spring v5.0.8.RELEASE
2018-09-05 10:05:16 [restartedMain] [INFO][com.hoperun.arcfacedemo.ArcfacedemoFirstApplication][logStartupProfileInfo][666]->The following profiles are active: dev
2018-09-05 10:05:16 [restartedMain] [INFO][com.hoperun.arcfacedemo.ArcfacedemoFirstApplication][logStarted][59]->Started ArcfacedemoFirstApplication in 0.456 seconds (JVM running for 1349.116)
2018-09-05 10:06:20 [restartedMain] [INFO][com.hoperun.arcfacedemo.ArcfacedemoFirstApplication][logStarting][50]->Starting ArcfacedemoFirstApplication on PC140046 with PID 14564 (E:\ArcFaceDemo\arcfacedemo-first\arcfacedemo-first\target\classes started by zhuyl in E:\ArcFaceDemo\arcfacedemo-first\arcfacedemo-first)
2018-09-05 10:06:20 [restartedMain] [DEBUG][com.hoperun.arcfacedemo.ArcfacedemoFirstApplication][logStarting][53]->Running with Spring Boot v2.0.4.RELEASE, Spring v5.0.8.RELEASE
2018-09-05 10:06:20 [restartedMain] [INFO][com.hoperun.arcfacedemo.ArcfacedemoFirstApplication][logStartupProfileInfo][666]->The following profiles are active: dev
2018-09-05 10:06:20 [restartedMain] [INFO][com.hoperun.arcfacedemo.ArcfacedemoFirstApplication][logStarted][59]->Started ArcfacedemoFirstApplication in 0.525 seconds (JVM running for 1413.373)
2018-09-05 10:07:42 [restartedMain] [INFO][com.hoperun.arcfacedemo.ArcfacedemoFirstApplication][logStarting][50]->Starting ArcfacedemoFirstApplication on PC140046 with PID 14564 (E:\ArcFaceDemo\arcfacedemo-first\arcfacedemo-first\target\classes started by zhuyl in E:\ArcFaceDemo\arcfacedemo-first\arcfacedemo-first)
2018-09-05 10:07:42 [restartedMain] [DEBUG][com.hoperun.arcfacedemo.ArcfacedemoFirstApplication][logStarting][53]->Running with Spring Boot v2.0.4.RELEASE, Spring v5.0.8.RELEASE
2018-09-05 10:07:42 [restartedMain] [INFO][com.hoperun.arcfacedemo.ArcfacedemoFirstApplication][logStartupProfileInfo][666]->The following profiles are active: dev
2018-09-05 10:07:43 [restartedMain] [INFO][com.hoperun.arcfacedemo.ArcfacedemoFirstApplication][logStarted][59]->Started ArcfacedemoFirstApplication in 0.482 seconds (JVM running for 1495.785)
2018-09-05 10:07:59 [restartedMain] [INFO][com.hoperun.arcfacedemo.ArcfacedemoFirstApplication][logStarting][50]->Starting ArcfacedemoFirstApplication on PC140046 with PID 14564 (E:\ArcFaceDemo\arcfacedemo-first\arcfacedemo-first\target\classes started by zhuyl in E:\ArcFaceDemo\arcfacedemo-first\arcfacedemo-first)
2018-09-05 10:07:59 [restartedMain] [DEBUG][com.hoperun.arcfacedemo.ArcfacedemoFirstApplication][logStarting][53]->Running with Spring Boot v2.0.4.RELEASE, Spring v5.0.8.RELEASE
2018-09-05 10:07:59 [restartedMain] [INFO][com.hoperun.arcfacedemo.ArcfacedemoFirstApplication][logStartupProfileInfo][666]->The following profiles are active: dev
2018-09-05 10:07:59 [restartedMain] [INFO][com.hoperun.arcfacedemo.ArcfacedemoFirstApplication][logStarted][59]->Started ArcfacedemoFirstApplication in 0.448 seconds (JVM running for 1512.201)
2018-09-05 10:08:57 [restartedMain] [INFO][com.hoperun.arcfacedemo.ArcfacedemoFirstApplication][logStarting][50]->Starting ArcfacedemoFirstApplication on PC140046 with PID 14564 (E:\ArcFaceDemo\arcfacedemo-first\arcfacedemo-first\target\classes started by zhuyl in E:\ArcFaceDemo\arcfacedemo-first\arcfacedemo-first)
2018-09-05 10:08:57 [restartedMain] [DEBUG][com.hoperun.arcfacedemo.ArcfacedemoFirstApplication][logStarting][53]->Running with Spring Boot v2.0.4.RELEASE, Spring v5.0.8.RELEASE
2018-09-05 10:08:57 [restartedMain] [INFO][com.hoperun.arcfacedemo.ArcfacedemoFirstApplication][logStartupProfileInfo][666]->The following profiles are active: dev
2018-09-05 10:08:57 [restartedMain] [INFO][com.hoperun.arcfacedemo.ArcfacedemoFirstApplication][logStarted][59]->Started ArcfacedemoFirstApplication in 0.46 seconds (JVM running for 1570.365)
2018-09-05 10:09:50 [restartedMain] [INFO][com.hoperun.arcfacedemo.ArcfacedemoFirstApplication][logStarting][50]->Starting ArcfacedemoFirstApplication on PC140046 with PID 14564 (E:\ArcFaceDemo\arcfacedemo-first\arcfacedemo-first\target\classes started by zhuyl in E:\ArcFaceDemo\arcfacedemo-first\arcfacedemo-first)
2018-09-05 10:09:50 [restartedMain] [DEBUG][com.hoperun.arcfacedemo.ArcfacedemoFirstApplication][logStarting][53]->Running with Spring Boot v2.0.4.RELEASE, Spring v5.0.8.RELEASE
2018-09-05 10:09:50 [restartedMain] [INFO][com.hoperun.arcfacedemo.ArcfacedemoFirstApplication][logStartupProfileInfo][666]->The following profiles are active: dev
2018-09-05 10:09:51 [restartedMain] [INFO][com.hoperun.arcfacedemo.ArcfacedemoFirstApplication][logStarted][59]->Started ArcfacedemoFirstApplication in 0.495 seconds (JVM running for 1623.761)
2018-09-05 10:10:08 [restartedMain] [INFO][com.hoperun.arcfacedemo.ArcfacedemoFirstApplication][logStarting][50]->Starting ArcfacedemoFirstApplication on PC140046 with PID 14564 (E:\ArcFaceDemo\arcfacedemo-first\arcfacedemo-first\target\classes started by zhuyl in E:\ArcFaceDemo\arcfacedemo-first\arcfacedemo-first)
2018-09-05 10:10:08 [restartedMain] [DEBUG][com.hoperun.arcfacedemo.ArcfacedemoFirstApplication][logStarting][53]->Running with Spring Boot v2.0.4.RELEASE, Spring v5.0.8.RELEASE
2018-09-05 10:10:08 [restartedMain] [INFO][com.hoperun.arcfacedemo.ArcfacedemoFirstApplication][logStartupProfileInfo][666]->The following profiles are active: dev
2018-09-05 10:10:08 [restartedMain] [INFO][com.hoperun.arcfacedemo.ArcfacedemoFirstApplication][logStarted][59]->Started ArcfacedemoFirstApplication in 0.454 seconds (JVM running for 1641.114)
2018-09-05 10:10:43 [restartedMain] [INFO][com.hoperun.arcfacedemo.ArcfacedemoFirstApplication][logStarting][50]->Starting ArcfacedemoFirstApplication on PC140046 with PID 14564 (E:\ArcFaceDemo\arcfacedemo-first\arcfacedemo-first\target\classes started by zhuyl in E:\ArcFaceDemo\arcfacedemo-first\arcfacedemo-first)
2018-09-05 10:10:43 [restartedMain] [DEBUG][com.hoperun.arcfacedemo.ArcfacedemoFirstApplication][logStarting][53]->Running with Spring Boot v2.0.4.RELEASE, Spring v5.0.8.RELEASE
2018-09-05 10:10:43 [restartedMain] [INFO][com.hoperun.arcfacedemo.ArcfacedemoFirstApplication][logStartupProfileInfo][666]->The following profiles are active: dev
2018-09-05 10:10:44 [restartedMain] [INFO][com.hoperun.arcfacedemo.ArcfacedemoFirstApplication][logStarted][59]->Started ArcfacedemoFirstApplication in 0.443 seconds (JVM running for 1676.743)
2018-09-05 10:10:52 [restartedMain] [INFO][com.hoperun.arcfacedemo.ArcfacedemoFirstApplication][logStarting][50]->Starting ArcfacedemoFirstApplication on PC140046 with PID 14564 (E:\ArcFaceDemo\arcfacedemo-first\arcfacedemo-first\target\classes started by zhuyl in E:\ArcFaceDemo\arcfacedemo-first\arcfacedemo-first)
2018-09-05 10:10:52 [restartedMain] [DEBUG][com.hoperun.arcfacedemo.ArcfacedemoFirstApplication][logStarting][53]->Running with Spring Boot v2.0.4.RELEASE, Spring v5.0.8.RELEASE
2018-09-05 10:10:52 [restartedMain] [INFO][com.hoperun.arcfacedemo.ArcfacedemoFirstApplication][logStartupProfileInfo][666]->The following profiles are active: dev
2018-09-05 10:10:52 [restartedMain] [INFO][com.hoperun.arcfacedemo.ArcfacedemoFirstApplication][logStarted][59]->Started ArcfacedemoFirstApplication in 0.459 seconds (JVM running for 1685.351)
2018-09-05 10:11:03 [restartedMain] [INFO][com.hoperun.arcfacedemo.ArcfacedemoFirstApplication][logStarting][50]->Starting ArcfacedemoFirstApplication on PC140046 with PID 14564 (E:\ArcFaceDemo\arcfacedemo-first\arcfacedemo-first\target\classes started by zhuyl in E:\ArcFaceDemo\arcfacedemo-first\arcfacedemo-first)
2018-09-05 10:11:03 [restartedMain] [DEBUG][com.hoperun.arcfacedemo.ArcfacedemoFirstApplication][logStarting][53]->Running with Spring Boot v2.0.4.RELEASE, Spring v5.0.8.RELEASE
2018-09-05 10:11:03 [restartedMain] [INFO][com.hoperun.arcfacedemo.ArcfacedemoFirstApplication][logStartupProfileInfo][666]->The following profiles are active: dev
2018-09-05 10:11:03 [restartedMain] [INFO][com.hoperun.arcfacedemo.ArcfacedemoFirstApplication][logStarted][59]->Started ArcfacedemoFirstApplication in 0.446 seconds (JVM running for 1695.99)
2018-09-05 10:11:39 [restartedMain] [INFO][com.hoperun.arcfacedemo.ArcfacedemoFirstApplication][logStarting][50]->Starting ArcfacedemoFirstApplication on PC140046 with PID 14564 (E:\ArcFaceDemo\arcfacedemo-first\arcfacedemo-first\target\classes started by zhuyl in E:\ArcFaceDemo\arcfacedemo-first\arcfacedemo-first)
2018-09-05 10:11:39 [restartedMain] [DEBUG][com.hoperun.arcfacedemo.ArcfacedemoFirstApplication][logStarting][53]->Running with Spring Boot v2.0.4.RELEASE, Spring v5.0.8.RELEASE
2018-09-05 10:11:39 [restartedMain] [INFO][com.hoperun.arcfacedemo.ArcfacedemoFirstApplication][logStartupProfileInfo][666]->The following profiles are active: dev
2018-09-05 10:11:47 [restartedMain] [INFO][com.hoperun.arcfacedemo.ArcfacedemoFirstApplication][logStarting][50]->Starting ArcfacedemoFirstApplication on PC140046 with PID 14564 (E:\ArcFaceDemo\arcfacedemo-first\arcfacedemo-first\target\classes started by zhuyl in E:\ArcFaceDemo\arcfacedemo-first\arcfacedemo-first)
2018-09-05 10:11:47 [restartedMain] [DEBUG][com.hoperun.arcfacedemo.ArcfacedemoFirstApplication][logStarting][53]->Running with Spring Boot v2.0.4.RELEASE, Spring v5.0.8.RELEASE
2018-09-05 10:11:47 [restartedMain] [INFO][com.hoperun.arcfacedemo.ArcfacedemoFirstApplication][logStartupProfileInfo][666]->The following profiles are active: dev
2018-09-05 10:11:48 [restartedMain] [INFO][com.hoperun.arcfacedemo.ArcfacedemoFirstApplication][logStarted][59]->Started ArcfacedemoFirstApplication in 0.482 seconds (JVM running for 1740.478)
2018-09-05 10:12:20 [restartedMain] [INFO][com.hoperun.arcfacedemo.ArcfacedemoFirstApplication][logStarting][50]->Starting ArcfacedemoFirstApplication on PC140046 with PID 14564 (E:\ArcFaceDemo\arcfacedemo-first\arcfacedemo-first\target\classes started by zhuyl in E:\ArcFaceDemo\arcfacedemo-first\arcfacedemo-first)
2018-09-05 10:12:20 [restartedMain] [DEBUG][com.hoperun.arcfacedemo.ArcfacedemoFirstApplication][logStarting][53]->Running with Spring Boot v2.0.4.RELEASE, Spring v5.0.8.RELEASE
2018-09-05 10:12:20 [restartedMain] [INFO][com.hoperun.arcfacedemo.ArcfacedemoFirstApplication][logStartupProfileInfo][666]->The following profiles are active: dev
2018-09-05 10:12:55 [restartedMain] [INFO][com.hoperun.arcfacedemo.ArcfacedemoFirstApplication][logStarting][50]->Starting ArcfacedemoFirstApplication on PC140046 with PID 14564 (E:\ArcFaceDemo\arcfacedemo-first\arcfacedemo-first\target\classes started by zhuyl in E:\ArcFaceDemo\arcfacedemo-first\arcfacedemo-first)
2018-09-05 10:12:55 [restartedMain] [DEBUG][com.hoperun.arcfacedemo.ArcfacedemoFirstApplication][logStarting][53]->Running with Spring Boot v2.0.4.RELEASE, Spring v5.0.8.RELEASE
2018-09-05 10:12:55 [restartedMain] [INFO][com.hoperun.arcfacedemo.ArcfacedemoFirstApplication][logStartupProfileInfo][666]->The following profiles are active: dev
2018-09-05 10:13:14 [restartedMain] [INFO][com.hoperun.arcfacedemo.ArcfacedemoFirstApplication][logStarting][50]->Starting ArcfacedemoFirstApplication on PC140046 with PID 14564 (E:\ArcFaceDemo\arcfacedemo-first\arcfacedemo-first\target\classes started by zhuyl in E:\ArcFaceDemo\arcfacedemo-first\arcfacedemo-first)
2018-09-05 10:13:14 [restartedMain] [DEBUG][com.hoperun.arcfacedemo.ArcfacedemoFirstApplication][logStarting][53]->Running with Spring Boot v2.0.4.RELEASE, Spring v5.0.8.RELEASE
2018-09-05 10:13:14 [restartedMain] [INFO][com.hoperun.arcfacedemo.ArcfacedemoFirstApplication][logStartupProfileInfo][666]->The following profiles are active: dev
2018-09-05 10:13:25 [restartedMain] [INFO][com.hoperun.arcfacedemo.ArcfacedemoFirstApplication][logStarting][50]->Starting ArcfacedemoFirstApplication on PC140046 with PID 14564 (E:\ArcFaceDemo\arcfacedemo-first\arcfacedemo-first\target\classes started by zhuyl in E:\ArcFaceDemo\arcfacedemo-first\arcfacedemo-first)
2018-09-05 10:13:25 [restartedMain] [DEBUG][com.hoperun.arcfacedemo.ArcfacedemoFirstApplication][logStarting][53]->Running with Spring Boot v2.0.4.RELEASE, Spring v5.0.8.RELEASE
2018-09-05 10:13:25 [restartedMain] [INFO][com.hoperun.arcfacedemo.ArcfacedemoFirstApplication][logStartupProfileInfo][666]->The following profiles are active: dev
2018-09-05 10:13:42 [restartedMain] [INFO][com.hoperun.arcfacedemo.ArcfacedemoFirstApplication][logStarting][50]->Starting ArcfacedemoFirstApplication on PC140046 with PID 14564 (E:\ArcFaceDemo\arcfacedemo-first\arcfacedemo-first\target\classes started by zhuyl in E:\ArcFaceDemo\arcfacedemo-first\arcfacedemo-first)
2018-09-05 10:13:42 [restartedMain] [DEBUG][com.hoperun.arcfacedemo.ArcfacedemoFirstApplication][logStarting][53]->Running with Spring Boot v2.0.4.RELEASE, Spring v5.0.8.RELEASE
2018-09-05 10:13:42 [restartedMain] [INFO][com.hoperun.arcfacedemo.ArcfacedemoFirstApplication][logStartupProfileInfo][666]->The following profiles are active: dev
2018-09-05 10:13:43 [restartedMain] [INFO][com.hoperun.arcfacedemo.ArcfacedemoFirstApplication][logStarted][59]->Started ArcfacedemoFirstApplication in 0.463 seconds (JVM running for 1855.658)
2018-09-05 10:14:06 [restartedMain] [INFO][com.hoperun.arcfacedemo.ArcfacedemoFirstApplication][logStarting][50]->Starting ArcfacedemoFirstApplication on PC140046 with PID 14564 (E:\ArcFaceDemo\arcfacedemo-first\arcfacedemo-first\target\classes started by zhuyl in E:\ArcFaceDemo\arcfacedemo-first\arcfacedemo-first)
2018-09-05 10:14:06 [restartedMain] [DEBUG][com.hoperun.arcfacedemo.ArcfacedemoFirstApplication][logStarting][53]->Running with Spring Boot v2.0.4.RELEASE, Spring v5.0.8.RELEASE
2018-09-05 10:14:06 [restartedMain] [INFO][com.hoperun.arcfacedemo.ArcfacedemoFirstApplication][logStartupProfileInfo][666]->The following profiles are active: dev
2018-09-05 10:14:06 [restartedMain] [INFO][com.hoperun.arcfacedemo.ArcfacedemoFirstApplication][logStarted][59]->Started ArcfacedemoFirstApplication in 0.449 seconds (JVM running for 1879.055)
2018-09-05 10:15:01 [restartedMain] [INFO][com.hoperun.arcfacedemo.ArcfacedemoFirstApplication][logStarting][50]->Starting ArcfacedemoFirstApplication on PC140046 with PID 14564 (E:\ArcFaceDemo\arcfacedemo-first\arcfacedemo-first\target\classes started by zhuyl in E:\ArcFaceDemo\arcfacedemo-first\arcfacedemo-first)
2018-09-05 10:15:01 [restartedMain] [DEBUG][com.hoperun.arcfacedemo.ArcfacedemoFirstApplication][logStarting][53]->Running with Spring Boot v2.0.4.RELEASE, Spring v5.0.8.RELEASE
2018-09-05 10:15:01 [restartedMain] [INFO][com.hoperun.arcfacedemo.ArcfacedemoFirstApplication][logStartupProfileInfo][666]->The following profiles are active: dev
2018-09-05 10:15:01 [restartedMain] [INFO][com.hoperun.arcfacedemo.ArcfacedemoFirstApplication][logStarted][59]->Started ArcfacedemoFirstApplication in 0.45 seconds (JVM running for 1934.191)
2018-09-05 10:15:16 [restartedMain] [INFO][com.hoperun.arcfacedemo.ArcfacedemoFirstApplication][logStarting][50]->Starting ArcfacedemoFirstApplication on PC140046 with PID 14564 (E:\ArcFaceDemo\arcfacedemo-first\arcfacedemo-first\target\classes started by zhuyl in E:\ArcFaceDemo\arcfacedemo-first\arcfacedemo-first)
2018-09-05 10:15:16 [restartedMain] [DEBUG][com.hoperun.arcfacedemo.ArcfacedemoFirstApplication][logStarting][53]->Running with Spring Boot v2.0.4.RELEASE, Spring v5.0.8.RELEASE
2018-09-05 10:15:16 [restartedMain] [INFO][com.hoperun.arcfacedemo.ArcfacedemoFirstApplication][logStartupProfileInfo][666]->The following profiles are active: dev
2018-09-05 10:15:17 [restartedMain] [INFO][com.hoperun.arcfacedemo.ArcfacedemoFirstApplication][logStarted][59]->Started ArcfacedemoFirstApplication in 0.445 seconds (JVM running for 1949.462)
2018-09-05 10:15:51 [restartedMain] [INFO][com.hoperun.arcfacedemo.ArcfacedemoFirstApplication][logStarting][50]->Starting ArcfacedemoFirstApplication on PC140046 with PID 14564 (E:\ArcFaceDemo\arcfacedemo-first\arcfacedemo-first\target\classes started by zhuyl in E:\ArcFaceDemo\arcfacedemo-first\arcfacedemo-first)
2018-09-05 10:15:51 [restartedMain] [DEBUG][com.hoperun.arcfacedemo.ArcfacedemoFirstApplication][logStarting][53]->Running with Spring Boot v2.0.4.RELEASE, Spring v5.0.8.RELEASE
2018-09-05 10:15:51 [restartedMain] [INFO][com.hoperun.arcfacedemo.ArcfacedemoFirstApplication][logStartupProfileInfo][666]->The following profiles are active: dev
2018-09-05 10:16:03 [restartedMain] [INFO][com.hoperun.arcfacedemo.ArcfacedemoFirstApplication][logStarting][50]->Starting ArcfacedemoFirstApplication on PC140046 with PID 14564 (E:\ArcFaceDemo\arcfacedemo-first\arcfacedemo-first\target\classes started by zhuyl in E:\ArcFaceDemo\arcfacedemo-first\arcfacedemo-first)
2018-09-05 10:16:03 [restartedMain] [DEBUG][com.hoperun.arcfacedemo.ArcfacedemoFirstApplication][logStarting][53]->Running with Spring Boot v2.0.4.RELEASE, Spring v5.0.8.RELEASE
2018-09-05 10:16:03 [restartedMain] [INFO][com.hoperun.arcfacedemo.ArcfacedemoFirstApplication][logStartupProfileInfo][666]->The following profiles are active: dev
2018-09-05 10:16:07 [restartedMain] [INFO][com.hoperun.arcfacedemo.ArcfacedemoFirstApplication][logStarting][50]->Starting ArcfacedemoFirstApplication on PC140046 with PID 14564 (E:\ArcFaceDemo\arcfacedemo-first\arcfacedemo-first\target\classes started by zhuyl in E:\ArcFaceDemo\arcfacedemo-first\arcfacedemo-first)
2018-09-05 10:16:07 [restartedMain] [DEBUG][com.hoperun.arcfacedemo.ArcfacedemoFirstApplication][logStarting][53]->Running with Spring Boot v2.0.4.RELEASE, Spring v5.0.8.RELEASE
2018-09-05 10:16:07 [restartedMain] [INFO][com.hoperun.arcfacedemo.ArcfacedemoFirstApplication][logStartupProfileInfo][666]->The following profiles are active: dev
2018-09-05 10:16:18 [restartedMain] [INFO][com.hoperun.arcfacedemo.ArcfacedemoFirstApplication][logStarting][50]->Starting ArcfacedemoFirstApplication on PC140046 with PID 14564 (E:\ArcFaceDemo\arcfacedemo-first\arcfacedemo-first\target\classes started by zhuyl in E:\ArcFaceDemo\arcfacedemo-first\arcfacedemo-first)
2018-09-05 10:16:18 [restartedMain] [DEBUG][com.hoperun.arcfacedemo.ArcfacedemoFirstApplication][logStarting][53]->Running with Spring Boot v2.0.4.RELEASE, Spring v5.0.8.RELEASE
2018-09-05 10:16:18 [restartedMain] [INFO][com.hoperun.arcfacedemo.ArcfacedemoFirstApplication][logStartupProfileInfo][666]->The following profiles are active: dev
2018-09-05 10:16:18 [restartedMain] [INFO][com.hoperun.arcfacedemo.ArcfacedemoFirstApplication][logStarted][59]->Started ArcfacedemoFirstApplication in 0.483 seconds (JVM running for 2010.881)
2018-09-05 10:16:30 [restartedMain] [INFO][com.hoperun.arcfacedemo.ArcfacedemoFirstApplication][logStarting][50]->Starting ArcfacedemoFirstApplication on PC140046 with PID 14564 (E:\ArcFaceDemo\arcfacedemo-first\arcfacedemo-first\target\classes started by zhuyl in E:\ArcFaceDemo\arcfacedemo-first\arcfacedemo-first)
2018-09-05 10:16:30 [restartedMain] [DEBUG][com.hoperun.arcfacedemo.ArcfacedemoFirstApplication][logStarting][53]->Running with Spring Boot v2.0.4.RELEASE, Spring v5.0.8.RELEASE
2018-09-05 10:16:30 [restartedMain] [INFO][com.hoperun.arcfacedemo.ArcfacedemoFirstApplication][logStartupProfileInfo][666]->The following profiles are active: dev
2018-09-05 10:16:30 [restartedMain] [INFO][com.hoperun.arcfacedemo.ArcfacedemoFirstApplication][logStarted][59]->Started ArcfacedemoFirstApplication in 0.442 seconds (JVM running for 2023.102)
2018-09-05 10:16:37 [restartedMain] [INFO][com.hoperun.arcfacedemo.ArcfacedemoFirstApplication][logStarting][50]->Starting ArcfacedemoFirstApplication on PC140046 with PID 14564 (E:\ArcFaceDemo\arcfacedemo-first\arcfacedemo-first\target\classes started by zhuyl in E:\ArcFaceDemo\arcfacedemo-first\arcfacedemo-first)
2018-09-05 10:16:37 [restartedMain] [DEBUG][com.hoperun.arcfacedemo.ArcfacedemoFirstApplication][logStarting][53]->Running with Spring Boot v2.0.4.RELEASE, Spring v5.0.8.RELEASE
2018-09-05 10:16:37 [restartedMain] [INFO][com.hoperun.arcfacedemo.ArcfacedemoFirstApplication][logStartupProfileInfo][666]->The following profiles are active: dev
2018-09-05 10:16:38 [restartedMain] [INFO][com.hoperun.arcfacedemo.ArcfacedemoFirstApplication][logStarted][59]->Started ArcfacedemoFirstApplication in 0.445 seconds (JVM running for 2030.68)
2018-09-05 10:16:52 [restartedMain] [INFO][com.hoperun.arcfacedemo.ArcfacedemoFirstApplication][logStarting][50]->Starting ArcfacedemoFirstApplication on PC140046 with PID 14564 (E:\ArcFaceDemo\arcfacedemo-first\arcfacedemo-first\target\classes started by zhuyl in E:\ArcFaceDemo\arcfacedemo-first\arcfacedemo-first)
2018-09-05 10:16:52 [restartedMain] [DEBUG][com.hoperun.arcfacedemo.ArcfacedemoFirstApplication][logStarting][53]->Running with Spring Boot v2.0.4.RELEASE, Spring v5.0.8.RELEASE
2018-09-05 10:16:52 [restartedMain] [INFO][com.hoperun.arcfacedemo.ArcfacedemoFirstApplication][logStartupProfileInfo][666]->The following profiles are active: dev
2018-09-05 10:16:52 [restartedMain] [INFO][com.hoperun.arcfacedemo.ArcfacedemoFirstApplication][logStarted][59]->Started ArcfacedemoFirstApplication in 0.453 seconds (JVM running for 2045.404)
2018-09-05 10:17:48 [restartedMain] [INFO][com.hoperun.arcfacedemo.ArcfacedemoFirstApplication][logStarting][50]->Starting ArcfacedemoFirstApplication on PC140046 with PID 14564 (E:\ArcFaceDemo\arcfacedemo-first\arcfacedemo-first\target\classes started by zhuyl in E:\ArcFaceDemo\arcfacedemo-first\arcfacedemo-first)
2018-09-05 10:17:48 [restartedMain] [DEBUG][com.hoperun.arcfacedemo.ArcfacedemoFirstApplication][logStarting][53]->Running with Spring Boot v2.0.4.RELEASE, Spring v5.0.8.RELEASE
2018-09-05 10:17:48 [restartedMain] [INFO][com.hoperun.arcfacedemo.ArcfacedemoFirstApplication][logStartupProfileInfo][666]->The following profiles are active: dev
2018-09-05 10:17:49 [restartedMain] [INFO][com.hoperun.arcfacedemo.ArcfacedemoFirstApplication][logStarted][59]->Started ArcfacedemoFirstApplication in 0.468 seconds (JVM running for 2101.465)
2018-09-05 10:18:05 [restartedMain] [INFO][com.hoperun.arcfacedemo.ArcfacedemoFirstApplication][logStarting][50]->Starting ArcfacedemoFirstApplication on PC140046 with PID 14564 (E:\ArcFaceDemo\arcfacedemo-first\arcfacedemo-first\target\classes started by zhuyl in E:\ArcFaceDemo\arcfacedemo-first\arcfacedemo-first)
2018-09-05 10:18:05 [restartedMain] [DEBUG][com.hoperun.arcfacedemo.ArcfacedemoFirstApplication][logStarting][53]->Running with Spring Boot v2.0.4.RELEASE, Spring v5.0.8.RELEASE
2018-09-05 10:18:05 [restartedMain] [INFO][com.hoperun.arcfacedemo.ArcfacedemoFirstApplication][logStartupProfileInfo][666]->The following profiles are active: dev
2018-09-05 10:18:06 [restartedMain] [INFO][com.hoperun.arcfacedemo.ArcfacedemoFirstApplication][logStarted][59]->Started ArcfacedemoFirstApplication in 0.444 seconds (JVM running for 2118.795)
2018-09-05 10:18:18 [restartedMain] [INFO][com.hoperun.arcfacedemo.ArcfacedemoFirstApplication][logStarting][50]->Starting ArcfacedemoFirstApplication on PC140046 with PID 14564 (E:\ArcFaceDemo\arcfacedemo-first\arcfacedemo-first\target\classes started by zhuyl in E:\ArcFaceDemo\arcfacedemo-first\arcfacedemo-first)
2018-09-05 10:18:18 [restartedMain] [DEBUG][com.hoperun.arcfacedemo.ArcfacedemoFirstApplication][logStarting][53]->Running with Spring Boot v2.0.4.RELEASE, Spring v5.0.8.RELEASE
2018-09-05 10:18:18 [restartedMain] [INFO][com.hoperun.arcfacedemo.ArcfacedemoFirstApplication][logStartupProfileInfo][666]->The following profiles are active: dev
2018-09-05 10:18:19 [restartedMain] [INFO][com.hoperun.arcfacedemo.ArcfacedemoFirstApplication][logStarted][59]->Started ArcfacedemoFirstApplication in 0.443 seconds (JVM running for 2131.452)
2018-09-05 10:18:33 [restartedMain] [INFO][com.hoperun.arcfacedemo.ArcfacedemoFirstApplication][logStarting][50]->Starting ArcfacedemoFirstApplication on PC140046 with PID 14564 (E:\ArcFaceDemo\arcfacedemo-first\arcfacedemo-first\target\classes started by zhuyl in E:\ArcFaceDemo\arcfacedemo-first\arcfacedemo-first)
2018-09-05 10:18:33 [restartedMain] [DEBUG][com.hoperun.arcfacedemo.ArcfacedemoFirstApplication][logStarting][53]->Running with Spring Boot v2.0.4.RELEASE, Spring v5.0.8.RELEASE
2018-09-05 10:18:33 [restartedMain] [INFO][com.hoperun.arcfacedemo.ArcfacedemoFirstApplication][logStartupProfileInfo][666]->The following profiles are active: dev
2018-09-05 10:18:34 [restartedMain] [INFO][com.hoperun.arcfacedemo.ArcfacedemoFirstApplication][logStarted][59]->Started ArcfacedemoFirstApplication in 0.445 seconds (JVM running for 2146.725)
2018-09-05 10:19:00 [restartedMain] [INFO][com.hoperun.arcfacedemo.ArcfacedemoFirstApplication][logStarting][50]->Starting ArcfacedemoFirstApplication on PC140046 with PID 14564 (E:\ArcFaceDemo\arcfacedemo-first\arcfacedemo-first\target\classes started by zhuyl in E:\ArcFaceDemo\arcfacedemo-first\arcfacedemo-first)
2018-09-05 10:19:00 [restartedMain] [DEBUG][com.hoperun.arcfacedemo.ArcfacedemoFirstApplication][logStarting][53]->Running with Spring Boot v2.0.4.RELEASE, Spring v5.0.8.RELEASE
2018-09-05 10:19:00 [restartedMain] [INFO][com.hoperun.arcfacedemo.ArcfacedemoFirstApplication][logStartupProfileInfo][666]->The following profiles are active: dev
2018-09-05 10:19:00 [restartedMain] [INFO][com.hoperun.arcfacedemo.ArcfacedemoFirstApplication][logStarted][59]->Started ArcfacedemoFirstApplication in 0.462 seconds (JVM running for 2173.172)
2018-09-05 10:19:32 [restartedMain] [INFO][com.hoperun.arcfacedemo.ArcfacedemoFirstApplication][logStarting][50]->Starting ArcfacedemoFirstApplication on PC140046 with PID 14564 (E:\ArcFaceDemo\arcfacedemo-first\arcfacedemo-first\target\classes started by zhuyl in E:\ArcFaceDemo\arcfacedemo-first\arcfacedemo-first)
2018-09-05 10:19:32 [restartedMain] [DEBUG][com.hoperun.arcfacedemo.ArcfacedemoFirstApplication][logStarting][53]->Running with Spring Boot v2.0.4.RELEASE, Spring v5.0.8.RELEASE
2018-09-05 10:19:32 [restartedMain] [INFO][com.hoperun.arcfacedemo.ArcfacedemoFirstApplication][logStartupProfileInfo][666]->The following profiles are active: dev
2018-09-05 10:19:33 [restartedMain] [INFO][com.hoperun.arcfacedemo.ArcfacedemoFirstApplication][logStarted][59]->Started ArcfacedemoFirstApplication in 0.445 seconds (JVM running for 2205.664)
2018-09-05 10:19:36 [restartedMain] [INFO][com.hoperun.arcfacedemo.ArcfacedemoFirstApplication][logStarting][50]->Starting ArcfacedemoFirstApplication on PC140046 with PID 14564 (E:\ArcFaceDemo\arcfacedemo-first\arcfacedemo-first\target\classes started by zhuyl in E:\ArcFaceDemo\arcfacedemo-first\arcfacedemo-first)
2018-09-05 10:19:36 [restartedMain] [DEBUG][com.hoperun.arcfacedemo.ArcfacedemoFirstApplication][logStarting][53]->Running with Spring Boot v2.0.4.RELEASE, Spring v5.0.8.RELEASE
2018-09-05 10:19:36 [restartedMain] [INFO][com.hoperun.arcfacedemo.ArcfacedemoFirstApplication][logStartupProfileInfo][666]->The following profiles are active: dev
2018-09-05 10:19:37 [restartedMain] [INFO][com.hoperun.arcfacedemo.ArcfacedemoFirstApplication][logStarted][59]->Started ArcfacedemoFirstApplication in 0.438 seconds (JVM running for 2209.754)
2018-09-05 10:20:04 [restartedMain] [INFO][com.hoperun.arcfacedemo.ArcfacedemoFirstApplication][logStarting][50]->Starting ArcfacedemoFirstApplication on PC140046 with PID 14564 (E:\ArcFaceDemo\arcfacedemo-first\arcfacedemo-first\target\classes started by zhuyl in E:\ArcFaceDemo\arcfacedemo-first\arcfacedemo-first)
2018-09-05 10:20:04 [restartedMain] [DEBUG][com.hoperun.arcfacedemo.ArcfacedemoFirstApplication][logStarting][53]->Running with Spring Boot v2.0.4.RELEASE, Spring v5.0.8.RELEASE
2018-09-05 10:20:04 [restartedMain] [INFO][com.hoperun.arcfacedemo.ArcfacedemoFirstApplication][logStartupProfileInfo][666]->The following profiles are active: dev
2018-09-05 10:20:05 [restartedMain] [INFO][com.hoperun.arcfacedemo.ArcfacedemoFirstApplication][logStarted][59]->Started ArcfacedemoFirstApplication in 0.446 seconds (JVM running for 2237.627)
2018-09-05 10:20:11 [restartedMain] [INFO][com.hoperun.arcfacedemo.ArcfacedemoFirstApplication][logStarting][50]->Starting ArcfacedemoFirstApplication on PC140046 with PID 14564 (E:\ArcFaceDemo\arcfacedemo-first\arcfacedemo-first\target\classes started by zhuyl in E:\ArcFaceDemo\arcfacedemo-first\arcfacedemo-first)
2018-09-05 10:20:11 [restartedMain] [DEBUG][com.hoperun.arcfacedemo.ArcfacedemoFirstApplication][logStarting][53]->Running with Spring Boot v2.0.4.RELEASE, Spring v5.0.8.RELEASE
2018-09-05 10:20:11 [restartedMain] [INFO][com.hoperun.arcfacedemo.ArcfacedemoFirstApplication][logStartupProfileInfo][666]->The following profiles are active: dev
2018-09-05 10:20:11 [restartedMain] [INFO][com.hoperun.arcfacedemo.ArcfacedemoFirstApplication][logStarted][59]->Started ArcfacedemoFirstApplication in 0.472 seconds (JVM running for 2244.14)
